<?xml version="1.0" encoding="UTF-8"?>
<coverage generated="1654855456469" clover="3.2.0">
  <project timestamp="1654855456469" name="All files">
    <metrics statements="11" coveredstatements="5" conditionals="0" coveredconditionals="0" methods="8" coveredmethods="2" elements="19" coveredelements="7" complexity="0" loc="11" ncloc="11" packages="1" files="1" classes="1"/>
    <file name="main.js" path="F:\kit\unit-test\src\script\main.js">
      <metrics statements="11" coveredstatements="5" conditionals="0" coveredconditionals="0" methods="8" coveredmethods="2"/>
      <line num="2" count="1" type="stmt"/>
      <line num="6" count="1" type="stmt"/>
      <line num="10" count="0" type="stmt"/>
      <line num="14" count="0" type="stmt"/>
      <line num="18" count="0" type="stmt"/>
      <line num="22" count="0" type="stmt"/>
      <line num="26" count="0" type="stmt"/>
      <line num="30" count="0" type="stmt"/>
      <line num="32" count="1" type="stmt"/>
      <line num="33" count="1" type="stmt"/>
      <line num="39" count="1" type="stmt"/>
    </file>
  </project>
</coverage>
