{"F:\\kit\\unit-test\\src\\script\\main.js": {"path":"F:\\kit\\unit-test\\src\\script\\main.js","statementMap":{"0":{"start":{"line":2,"column":4},"end":{"line":2,"column":17}},"1":{"start":{"line":6,"column":4},"end":{"line":6,"column":17}},"2":{"start":{"line":10,"column":4},"end":{"line":10,"column":17}},"3":{"start":{"line":14,"column":4},"end":{"line":14,"column":17}},"4":{"start":{"line":18,"column":4},"end":{"line":18,"column":17}},"5":{"start":{"line":22,"column":4},"end":{"line":22,"column":18}},"6":{"start":{"line":26,"column":4},"end":{"line":26,"column":24}},"7":{"start":{"line":30,"column":4},"end":{"line":30,"column":18}},"8":{"start":{"line":32,"column":9},"end":{"line":32,"column":24}},"9":{"start":{"line":33,"column":9},"end":{"line":38,"column":1}},"10":{"start":{"line":39,"column":0},"end":{"line":50,"column":1}}},"fnMap":{"0":{"name":"add","decl":{"start":{"line":1,"column":9},"end":{"line":1,"column":12}},"loc":{"start":{"line":1,"column":19},"end":{"line":3,"column":1}},"line":1},"1":{"name":"sub","decl":{"start":{"line":5,"column":9},"end":{"line":5,"column":12}},"loc":{"start":{"line":5,"column":19},"end":{"line":7,"column":1}},"line":5},"2":{"name":"mul","decl":{"start":{"line":9,"column":9},"end":{"line":9,"column":12}},"loc":{"start":{"line":9,"column":19},"end":{"line":11,"column":1}},"line":9},"3":{"name":"div","decl":{"start":{"line":13,"column":9},"end":{"line":13,"column":12}},"loc":{"start":{"line":13,"column":19},"end":{"line":15,"column":1}},"line":13},"4":{"name":"mod","decl":{"start":{"line":17,"column":9},"end":{"line":17,"column":12}},"loc":{"start":{"line":17,"column":19},"end":{"line":19,"column":1}},"line":17},"5":{"name":"exp","decl":{"start":{"line":21,"column":9},"end":{"line":21,"column":12}},"loc":{"start":{"line":21,"column":19},"end":{"line":23,"column":1}},"line":21},"6":{"name":"sqrt","decl":{"start":{"line":25,"column":9},"end":{"line":25,"column":13}},"loc":{"start":{"line":25,"column":20},"end":{"line":27,"column":1}},"line":25},"7":{"name":"fact","decl":{"start":{"line":29,"column":9},"end":{"line":29,"column":13}},"loc":{"start":{"line":29,"column":20},"end":{"line":31,"column":1}},"line":29}},"branchMap":{},"s":{"0":1,"1":1,"2":0,"3":0,"4":0,"5":0,"6":0,"7":0,"8":1,"9":1,"10":1},"f":{"0":1,"1":1,"2":0,"3":0,"4":0,"5":0,"6":0,"7":0},"b":{},"_coverageSchema":"1a1c01bbd47fc00a2c39e90264f33305004495a9","hash":"625b5af4413de6a29ad36e3dc7f18533ff52286b"}
}
